info it worked if it ends with ok
verbose cli [ 'node', '/usr/local/bin/npm', 'install', '-g', 'typescript' ]
info using npm@1.1.21
info using node@v0.6.17
verbose config file /Users/bob/.npmrc
verbose config file /usr/local/etc/npmrc
verbose config file /usr/local/lib/node_modules/npm/npmrc
verbose cache add [ 'typescript', null ]
silly cache add: name, spec, args [ undefined, 'typescript', [ 'typescript', null ] ]
verbose parsed url { pathname: 'typescript',
verbose parsed url   path: 'typescript',
verbose parsed url   href: 'typescript' }
verbose addNamed [ 'typescript', '' ]
verbose addNamed [ null, '' ]
silly name, range, hasData [ 'typescript', '', false ]
verbose raw, before any munging typescript
verbose url resolving [ 'https://registry.npmjs.org/', './typescript' ]
verbose url resolved https://registry.npmjs.org/typescript
http GET https://registry.npmjs.org/typescript
http 408 https://registry.npmjs.org/typescript
verbose bad json <html><title>Request timeout</title><body><h1>Request timeout</h1></body></html>
ERR! registry error parsing json
silly get cb [ 408, { 'content-type': 'text/html', 'content-length': '80' } ]
ERR! SyntaxError: Unexpected token <
ERR! <html><title>Request timeout</title><body><h1>Request timeout</h1></body></html>
ERR!     at Object.parse (native)
ERR!     at Request._callback (/usr/local/lib/node_modules/npm/lib/utils/npm-registry-client/request.js:150:21)
ERR!     at Request.callback (/usr/local/lib/node_modules/npm/node_modules/request/main.js:119:22)
ERR!     at Request.<anonymous> (/usr/local/lib/node_modules/npm/node_modules/request/main.js:605:16)
ERR!     at Request.emit (events.js:67:17)
ERR!     at IncomingMessage.<anonymous> (/usr/local/lib/node_modules/npm/node_modules/request/main.js:564:14)
ERR!     at IncomingMessage.emit (events.js:88:20)
ERR!     at HTTPParser.parserOnMessageComplete [as onMessageComplete] (http.js:127:21)
ERR!     at CleartextStream.ondata (http.js:1176:24)
ERR!     at CleartextStream._push (tls.js:375:27)
ERR! You may report this log at:
ERR!     <http://github.com/isaacs/npm/issues>
ERR! or email it to:
ERR!     <npm-@googlegroups.com>
ERR! 
ERR! System Darwin 12.3.0
ERR! command "node" "/usr/local/bin/npm" "install" "-g" "typescript"
ERR! cwd /Users/bob/pcodes/codes-markdown-notes/coffeescript
ERR! node -v v0.6.17
ERR! npm -v 1.1.21
ERR! type unexpected_token
ERR! arguments [ '<' ]
ERR! message Unexpected token <
ERR! message <html><title>Request timeout</title><body><h1>Request timeout</h1></body></html>
verbose exit [ 1, true ]
